<?xml version="1.0" encoding="UTF-8"?>
<!-- Generated by org.testng.reporters.JUnitReportReporter -->
<testsuite hostname="DESKTOP-VBNLNPQ" failures="0" tests="1" name="testcase.TestSearchField" time="21.064" errors="0" timestamp="22 Apr 2023 05:50:48 GMT" skipped="0">
  <testcase classname="testcase.TestSearchField" name="validateSearchField" time="21.064"/>
</testsuite> <!-- testcase.TestSearchField -->
